SF:lib/providers/download_notifier.dart
DA:30,2
DA:31,2
DA:32,2
DA:34,2
DA:35,6
DA:36,4
DA:37,6
DA:38,2
DA:40,4
DA:41,0
DA:43,3
DA:45,1
DA:46,1
DA:49,1
DA:50,3
DA:53,1
DA:54,1
DA:55,1
DA:56,1
DA:58,1
DA:59,1
DA:61,1
DA:63,1
DA:64,1
DA:65,1
DA:68,1
DA:69,1
DA:70,2
DA:71,1
DA:72,1
DA:73,0
DA:74,0
DA:76,0
DA:82,0
DA:83,0
DA:84,0
DA:85,0
DA:86,0
DA:91,0
DA:92,0
DA:93,0
DA:94,0
DA:98,1
DA:99,1
DA:100,2
DA:101,0
DA:105,3
DA:106,4
DA:107,3
DA:110,0
DA:111,0
DA:112,0
DA:113,0
DA:114,0
DA:115,0
DA:117,0
DA:121,0
DA:122,0
DA:123,0
DA:126,1
DA:127,2
DA:128,2
DA:130,2
DA:131,0
DA:132,0
DA:137,0
DA:138,0
DA:140,0
DA:142,0
DA:144,0
DA:146,0
DA:150,1
DA:151,3
DA:152,0
DA:153,0
DA:156,1
DA:157,1
DA:158,1
DA:161,2
DA:162,0
DA:163,0
DA:165,2
DA:168,1
DA:169,1
DA:172,2
DA:173,2
DA:174,2
DA:175,2
DA:176,2
DA:177,2
DA:180,2
DA:182,6
DA:183,8
DA:185,0
DA:186,0
DA:190,0
DA:192,0
DA:193,0
DA:194,0
DA:196,0
DA:197,0
DA:201,0
DA:203,0
DA:209,0
DA:210,0
DA:212,0
DA:213,0
DA:216,0
DA:217,0
DA:218,0
DA:221,1
DA:222,1
DA:223,1
DA:224,1
DA:227,2
DA:229,2
DA:230,2
LF:117
LH:64
end_of_record
SF:lib/providers/status_notifier.dart
DA:25,0
DA:26,6
DA:27,4
DA:28,4
DA:31,2
DA:32,2
DA:33,2
DA:34,2
DA:35,0
DA:36,0
DA:37,0
DA:38,0
DA:42,4
DA:43,2
DA:47,2
DA:49,5
DA:50,10
DA:53,1
DA:54,2
DA:55,1
DA:56,1
DA:57,1
DA:60,3
DA:61,6
DA:62,1
DA:63,4
DA:65,1
DA:66,2
DA:67,2
DA:68,4
DA:70,0
DA:71,0
DA:73,0
DA:74,0
DA:78,0
DA:81,1
DA:82,1
DA:88,0
DA:89,0
DA:91,0
DA:92,0
DA:93,0
DA:99,0
DA:100,0
DA:101,0
DA:104,0
DA:105,0
DA:106,0
DA:109,1
DA:110,1
DA:111,2
DA:112,2
DA:113,0
DA:117,0
DA:119,0
DA:120,0
DA:121,0
DA:122,0
DA:124,0
DA:125,0
DA:129,1
DA:131,2
DA:132,1
DA:133,2
DA:134,1
LF:65
LH:36
end_of_record
SF:lib/data/models/status_file.dart
DA:11,2
DA:20,1
DA:21,3
DA:22,7
DA:23,0
DA:25,1
DA:28,1
DA:29,3
DA:30,3
DA:31,3
DA:33,0
DA:34,0
LF:12
LH:9
end_of_record
SF:lib/data/repositories/status_repository.dart
DA:11,5
DA:12,5
DA:15,0
DA:16,0
DA:17,0
DA:18,0
DA:19,0
DA:20,0
DA:29,0
DA:30,0
DA:32,0
DA:34,0
DA:35,0
DA:36,0
DA:41,0
DA:43,0
DA:44,0
DA:48,0
DA:49,0
DA:52,0
DA:53,0
DA:55,0
DA:57,0
DA:58,0
DA:59,0
DA:61,0
DA:62,0
DA:63,0
DA:64,0
DA:65,0
DA:68,0
DA:69,0
DA:70,0
DA:74,0
DA:83,0
DA:84,0
DA:87,0
DA:88,0
DA:92,0
DA:93,0
DA:94,0
DA:95,0
DA:96,0
DA:97,0
DA:98,0
DA:99,0
DA:104,0
DA:105,0
DA:106,0
DA:107,0
DA:113,0
DA:114,0
DA:115,0
DA:116,0
DA:121,0
DA:124,0
DA:125,0
DA:126,0
DA:127,0
DA:137,0
LF:60
LH:2
end_of_record
SF:lib/utils/file_utils.dart
DA:27,1
DA:28,1
DA:29,1
DA:30,1
DA:34,1
DA:35,1
DA:37,1
DA:38,1
DA:40,1
DA:42,1
DA:44,1
DA:46,1
DA:48,1
DA:50,1
DA:52,1
DA:54,1
DA:61,1
DA:62,1
DA:63,1
DA:64,3
DA:65,1
DA:67,1
DA:68,2
DA:71,1
DA:72,1
DA:73,2
DA:74,2
DA:75,1
DA:78,1
DA:79,2
DA:80,5
DA:81,3
DA:82,4
DA:84,5
LF:34
LH:34
end_of_record
SF:lib/constants/app_constants.dart
DA:2,0
LF:1
LH:0
end_of_record
SF:lib/data/services/saf_service.dart
DA:13,0
DA:16,0
DA:17,0
DA:19,0
DA:20,0
DA:21,0
DA:23,0
DA:24,0
DA:25,0
DA:28,0
DA:34,0
DA:37,0
DA:39,0
DA:40,0
DA:45,0
DA:46,0
DA:48,0
DA:50,0
DA:52,0
DA:53,0
DA:55,0
DA:56,0
DA:57,0
DA:59,0
DA:60,0
DA:61,0
DA:62,0
DA:63,0
DA:64,0
DA:66,0
DA:67,0
DA:68,0
DA:70,0
DA:73,0
DA:75,0
DA:76,0
DA:81,0
DA:83,0
DA:85,0
DA:90,0
DA:92,0
DA:93,0
DA:96,0
DA:97,0
DA:98,0
DA:99,0
DA:104,0
DA:108,0
DA:110,0
DA:111,0
DA:116,0
DA:117,0
DA:118,0
DA:119,0
DA:122,0
DA:123,0
DA:124,0
DA:125,0
LF:58
LH:0
end_of_record
SF:lib/data/services/download_service.dart
DA:11,2
DA:12,2
DA:13,0
DA:14,0
DA:15,0
DA:18,0
DA:20,0
DA:23,1
DA:24,1
DA:25,0
DA:26,0
DA:28,0
DA:30,0
DA:31,0
DA:32,0
DA:33,0
DA:34,0
DA:38,0
DA:39,0
DA:44,0
DA:45,0
DA:46,0
DA:47,0
DA:51,0
DA:55,0
DA:56,0
DA:57,0
DA:58,0
DA:62,0
DA:63,0
DA:64,0
DA:65,0
DA:66,0
DA:67,0
DA:72,2
DA:75,2
DA:77,2
DA:80,0
DA:81,0
DA:83,0
DA:84,0
DA:85,0
DA:87,0
DA:89,0
DA:90,0
DA:91,0
DA:93,0
DA:94,0
DA:97,0
DA:98,0
DA:103,0
DA:107,1
DA:109,1
DA:110,0
DA:111,0
DA:113,0
DA:114,0
DA:115,0
DA:118,0
DA:124,0
DA:125,0
DA:126,0
DA:127,0
LF:63
LH:9
end_of_record
SF:lib/data/services/file_watcher_service.dart
DA:11,3
DA:13,5
DA:15,1
DA:16,2
DA:17,0
DA:18,0
DA:19,0
DA:21,0
DA:22,0
DA:27,0
DA:30,0
DA:31,0
DA:32,0
DA:34,0
DA:35,0
DA:37,0
DA:38,0
DA:39,0
DA:42,0
DA:47,0
DA:48,0
DA:50,0
DA:51,0
DA:53,0
DA:57,1
DA:58,2
DA:59,1
DA:62,0
DA:63,0
DA:64,0
DA:65,0
DA:70,1
DA:71,1
DA:72,2
DA:79,0
LF:35
LH:10
end_of_record
SF:lib/providers/notification_notifier.dart
DA:19,4
DA:20,2
DA:22,2
DA:23,2
DA:26,2
DA:27,2
DA:28,4
DA:29,2
DA:30,0
DA:31,0
DA:33,2
DA:36,0
DA:37,0
DA:38,0
DA:40,0
DA:44,0
DA:45,0
DA:47,0
DA:49,0
DA:50,0
DA:53,0
DA:55,0
DA:56,0
DA:57,0
DA:58,0
DA:59,0
DA:62,0
DA:63,0
DA:64,0
DA:65,0
DA:66,0
DA:67,0
DA:70,0
DA:71,0
DA:72,0
DA:73,0
DA:77,1
DA:78,1
DA:79,1
DA:82,0
DA:83,0
DA:84,0
DA:85,0
DA:86,0
DA:87,0
DA:88,0
DA:89,0
DA:90,0
DA:92,0
DA:95,0
DA:96,0
DA:97,0
DA:100,1
DA:102,1
DA:103,1
LF:55
LH:15
end_of_record
SF:lib/utils/date_formatter.dart
DA:5,1
DA:6,1
DA:7,4
DA:8,4
DA:9,2
DA:11,3
DA:12,3
DA:13,3
DA:15,0
DA:16,0
DA:17,0
DA:18,0
DA:19,0
DA:22,0
DA:25,1
DA:26,5
DA:29,1
DA:30,5
LF:18
LH:12
end_of_record
SF:lib/data/services/notification_service.dart
DA:11,0
DA:22,0
DA:24,0
DA:28,0
DA:29,0
DA:35,0
DA:36,0
DA:39,0
DA:45,0
DA:64,0
DA:73,0
DA:74,0
LF:12
LH:0
end_of_record
SF:lib/ui/screens/help_screen.dart
DA:5,1
DA:7,1
DA:9,1
DA:10,1
DA:11,4
DA:12,1
DA:13,1
DA:15,1
DA:16,1
DA:17,2
DA:18,4
DA:23,1
DA:25,2
DA:26,2
DA:28,1
DA:30,2
DA:31,2
DA:33,1
DA:35,2
DA:36,2
DA:38,1
DA:40,2
DA:41,2
DA:43,1
DA:45,2
DA:46,2
DA:48,1
DA:50,2
DA:51,2
DA:54,1
DA:55,2
DA:56,4
DA:61,1
DA:63,2
DA:64,2
DA:66,1
DA:68,2
DA:69,2
DA:71,1
DA:73,2
DA:74,2
DA:76,1
DA:78,2
DA:79,2
DA:81,1
DA:83,2
DA:84,2
DA:86,1
DA:88,2
DA:89,2
DA:91,1
DA:93,2
DA:94,2
DA:96,1
DA:98,2
DA:99,2
DA:101,1
DA:103,2
DA:104,2
DA:106,1
DA:108,2
DA:109,2
DA:112,1
DA:113,2
DA:114,4
DA:119,1
DA:121,2
DA:122,2
DA:124,1
DA:126,2
DA:127,2
DA:129,1
DA:131,2
DA:132,2
DA:134,1
DA:136,2
DA:137,2
DA:139,1
DA:141,2
DA:142,2
DA:144,1
DA:146,2
DA:147,2
DA:149,1
DA:151,2
DA:152,2
DA:166,1
DA:172,1
DA:174,1
DA:176,1
DA:178,1
DA:180,1
DA:181,5
DA:183,1
DA:184,1
DA:186,1
DA:187,1
DA:188,1
DA:189,4
DA:194,1
DA:195,1
DA:196,4
DA:197,1
DA:198,1
DA:199,1
DA:200,1
DA:218,1
DA:224,0
DA:226,0
DA:228,0
DA:229,0
DA:230,0
DA:231,0
DA:232,0
DA:237,0
DA:238,0
DA:239,0
DA:240,0
DA:241,0
DA:242,0
DA:243,0
DA:244,0
DA:256,1
DA:258,1
DA:260,3
DA:261,1
DA:262,1
DA:263,1
DA:265,1
DA:269,0
LF:130
LH:114
end_of_record
SF:lib/providers/theme_notifier.dart
DA:9,2
DA:11,1
DA:12,1
DA:15,1
DA:16,1
DA:17,1
DA:19,1
DA:21,0
DA:23,0
DA:25,1
DA:28,0
DA:29,0
DA:30,0
DA:31,0
DA:32,0
DA:35,0
DA:36,0
DA:37,0
DA:39,0
LF:19
LH:8
end_of_record
SF:lib/ui/screens/app_shell.dart
DA:14,1
DA:16,1
DA:17,1
DA:23,1
DA:25,1
DA:26,3
DA:27,4
DA:28,0
DA:33,1
DA:35,1
DA:36,1
DA:37,2
DA:39,1
DA:40,2
DA:42,1
DA:43,2
DA:45,1
DA:46,1
DA:47,3
DA:49,1
DA:51,1
DA:55,1
DA:56,1
DA:57,1
DA:58,1
DA:62,0
DA:63,2
DA:65,1
DA:67,2
DA:68,0
DA:72,1
DA:73,1
DA:79,1
DA:80,1
DA:81,0
DA:82,1
DA:83,1
DA:84,1
DA:85,1
DA:86,3
DA:89,1
DA:90,1
DA:91,3
DA:94,2
DA:96,1
DA:97,1
DA:98,1
DA:99,3
DA:102,1
DA:103,1
DA:104,3
DA:107,2
DA:118,1
DA:120,1
DA:122,1
DA:124,1
DA:127,1
DA:128,2
DA:138,1
DA:140,1
DA:142,5
DA:143,3
DA:144,1
DA:145,1
DA:147,1
DA:148,1
DA:149,1
DA:150,1
DA:151,1
DA:152,1
DA:154,1
DA:155,1
DA:156,2
DA:158,1
DA:159,3
DA:160,2
DA:161,2
DA:166,2
DA:168,1
DA:169,1
DA:170,3
DA:171,2
DA:177,0
DA:179,0
DA:183,1
DA:185,1
DA:187,1
DA:188,2
DA:190,1
DA:191,2
DA:193,1
DA:194,1
DA:195,1
DA:196,0
LF:94
LH:87
end_of_record
SF:lib/ui/theme/app_theme.dart
DA:4,0
DA:22,0
DA:30,0
LF:3
LH:0
end_of_record
SF:lib/ui/widgets/empty_state.dart
DA:11,2
DA:19,2
DA:21,2
DA:22,6
DA:23,2
DA:24,2
DA:26,2
DA:28,2
DA:29,2
DA:30,2
DA:34,2
DA:37,2
DA:38,2
DA:39,8
DA:46,2
DA:47,2
DA:48,8
DA:53,2
DA:60,0
DA:61,0
DA:65,0
DA:66,0
DA:68,0
DA:73,0
DA:74,0
DA:76,0
DA:77,0
LF:27
LH:18
end_of_record
SF:lib/data/services/share_service.dart
DA:10,0
DA:12,0
DA:13,0
DA:15,0
DA:17,0
DA:21,0
DA:22,0
DA:23,0
DA:29,0
DA:30,0
DA:32,0
DA:36,0
DA:37,0
DA:38,0
DA:39,0
DA:41,0
DA:42,0
DA:43,0
LF:18
LH:0
end_of_record
SF:lib/data/services/video_thumbnail_service.dart
DA:8,0
DA:9,0
DA:10,0
DA:17,0
DA:18,0
DA:21,0
DA:23,0
DA:24,0
DA:25,0
DA:27,0
DA:28,0
DA:30,0
DA:32,0
DA:34,0
DA:35,0
DA:38,0
DA:39,0
DA:40,0
DA:44,0
DA:45,0
DA:47,0
DA:48,0
DA:53,0
DA:55,0
DA:56,0
DA:57,0
DA:59,0
DA:60,0
DA:62,0
DA:63,0
DA:66,0
DA:68,0
DA:69,0
DA:75,0
DA:79,0
DA:85,0
DA:87,0
DA:94,0
LF:38
LH:0
end_of_record
SF:lib/ui/screens/saved_statuses_screen.dart
DA:15,1
DA:17,1
DA:18,1
DA:23,1
DA:28,3
DA:30,1
DA:32,1
DA:33,3
DA:34,3
DA:38,0
DA:39,0
DA:42,0
DA:43,0
DA:44,0
DA:45,0
DA:47,0
DA:52,0
DA:54,0
DA:55,0
DA:56,0
DA:57,0
DA:59,0
DA:60,0
DA:62,0
DA:65,0
DA:66,0
DA:67,0
DA:68,0
DA:69,0
DA:70,0
DA:72,0
DA:73,0
DA:75,0
DA:76,0
DA:77,0
DA:78,0
DA:85,0
DA:87,0
DA:88,0
DA:89,0
DA:93,1
DA:95,1
DA:96,1
DA:97,1
DA:98,1
DA:99,1
DA:101,2
DA:105,1
DA:106,0
DA:110,1
DA:111,1
DA:112,1
DA:113,2
DA:114,1
DA:115,1
DA:116,1
DA:117,0
DA:118,0
DA:119,0
DA:120,0
DA:121,0
DA:123,1
DA:124,0
DA:127,1
DA:128,1
DA:129,1
DA:130,0
DA:131,2
DA:132,1
DA:133,0
DA:134,2
DA:135,1
DA:141,0
DA:142,0
DA:143,0
DA:144,0
DA:145,0
DA:146,0
DA:147,0
DA:150,0
DA:151,0
DA:163,0
DA:164,0
DA:165,0
DA:166,0
DA:168,0
DA:170,0
DA:171,0
DA:172,0
DA:174,0
DA:175,0
DA:176,0
DA:178,0
DA:179,0
DA:180,0
DA:181,0
DA:182,0
DA:187,0
DA:189,0
DA:190,0
DA:191,0
DA:198,0
DA:203,0
DA:204,0
DA:205,0
DA:206,0
DA:208,0
DA:209,0
DA:210,0
DA:212,0
DA:213,0
DA:214,0
DA:223,0
DA:226,0
DA:232,0
DA:239,0
DA:243,0
DA:244,0
DA:245,0
DA:246,0
DA:250,0
DA:254,0
DA:255,0
DA:256,0
DA:260,0
DA:261,0
DA:262,0
LF:127
LH:32
end_of_record
SF:lib/ui/screens/status_grid_screen.dart
DA:14,1
DA:16,1
DA:18,1
DA:19,1
DA:20,2
DA:26,1
DA:27,2
DA:29,1
DA:30,1
DA:31,2
DA:32,2
DA:33,1
DA:34,0
DA:39,0
DA:40,0
DA:42,0
DA:43,0
DA:44,0
DA:45,0
DA:46,0
DA:47,0
DA:49,0
DA:54,0
DA:55,0
DA:56,0
DA:57,0
DA:59,0
DA:60,0
DA:61,0
DA:67,0
LF:30
LH:12
end_of_record
SF:lib/ui/screens/status_list_screen.dart
DA:14,0
DA:16,0
DA:18,0
DA:19,0
DA:20,0
DA:26,0
DA:27,0
DA:29,0
DA:30,0
DA:31,0
DA:32,0
DA:33,0
DA:34,0
DA:39,0
DA:40,0
DA:41,0
DA:43,0
DA:44,0
DA:45,0
DA:46,0
DA:48,0
DA:49,0
DA:50,0
DA:56,0
LF:24
LH:0
end_of_record
SF:lib/ui/widgets/filter_chips.dart
DA:7,1
DA:9,1
DA:11,1
DA:12,1
DA:13,2
DA:15,1
DA:17,1
DA:18,1
DA:19,1
DA:20,3
DA:22,1
DA:23,0
DA:27,1
DA:28,3
DA:30,1
DA:31,0
DA:35,1
DA:36,3
DA:38,1
DA:39,0
LF:20
LH:17
end_of_record
SF:lib/ui/screens/status_detail_screen.dart
DA:17,0
DA:23,0
DA:24,0
DA:33,0
DA:35,0
DA:37,0
DA:38,0
DA:39,0
DA:40,0
DA:43,0
DA:44,0
DA:45,0
DA:46,0
DA:47,0
DA:48,0
DA:49,0
DA:50,0
DA:51,0
DA:54,0
DA:55,0
DA:56,0
DA:57,0
DA:59,0
DA:60,0
DA:61,0
DA:64,0
DA:65,0
DA:66,0
DA:67,0
DA:68,0
DA:69,0
DA:70,0
DA:74,0
DA:75,0
DA:76,0
DA:78,0
DA:81,0
DA:82,0
DA:83,0
DA:84,0
DA:85,0
DA:86,0
DA:87,0
DA:89,0
DA:90,0
DA:93,0
DA:95,0
DA:96,0
DA:97,0
DA:100,0
DA:102,0
DA:103,0
DA:104,0
DA:106,0
DA:109,0
DA:111,0
DA:112,0
DA:113,0
DA:114,0
DA:115,0
DA:116,0
DA:121,0
DA:122,0
DA:130,0
DA:131,0
DA:136,0
DA:137,0
DA:139,0
DA:140,0
DA:141,0
DA:142,0
DA:143,0
DA:144,0
DA:149,0
DA:150,0
DA:151,0
DA:152,0
DA:153,0
DA:154,0
DA:155,0
DA:156,0
DA:158,0
DA:159,0
DA:163,0
DA:169,0
DA:170,0
DA:171,0
DA:172,0
DA:173,0
DA:174,0
DA:179,0
DA:180,0
DA:181,0
DA:184,0
DA:185,0
DA:188,0
DA:189,0
DA:195,0
DA:196,0
DA:197,0
DA:198,0
DA:200,0
DA:203,0
DA:209,0
DA:210,0
DA:211,0
DA:212,0
DA:213,0
DA:215,0
DA:217,0
DA:219,0
DA:221,0
DA:222,0
DA:223,0
DA:224,0
DA:226,0
DA:227,0
DA:245,0
DA:246,0
DA:252,0
DA:253,0
DA:254,0
DA:255,0
DA:257,0
DA:261,0
DA:263,0
DA:265,0
DA:266,0
DA:270,0
DA:272,0
DA:274,0
DA:276,0
DA:277,0
DA:279,0
DA:281,0
DA:282,0
DA:284,0
DA:286,0
DA:287,0
DA:294,0
DA:300,0
DA:302,0
DA:304,0
DA:306,0
DA:307,0
DA:309,0
DA:316,0
DA:318,0
DA:319,0
DA:320,0
DA:321,0
DA:322,0
DA:323,0
DA:324,0
DA:325,0
DA:329,0
DA:330,0
DA:331,0
DA:332,0
DA:333,0
DA:334,0
DA:335,0
DA:336,0
DA:337,0
DA:341,0
DA:344,0
DA:351,0
DA:352,0
DA:353,0
DA:354,0
DA:355,0
DA:356,0
DA:357,0
DA:358,0
DA:366,0
DA:367,0
DA:369,0
DA:370,0
DA:375,0
DA:383,0
DA:384,0
DA:386,0
DA:387,0
DA:388,0
DA:389,0
DA:390,0
DA:391,0
DA:394,0
DA:397,0
DA:403,0
DA:404,0
DA:405,0
DA:406,0
DA:407,0
DA:410,0
DA:413,0
DA:421,0
DA:422,0
DA:423,0
DA:426,0
DA:427,0
DA:428,0
DA:429,0
DA:431,0
DA:432,0
DA:433,0
DA:436,0
DA:437,0
DA:439,0
DA:441,0
DA:443,0
DA:444,0
DA:447,0
DA:448,0
DA:449,0
DA:450,0
LF:216
LH:0
end_of_record
SF:lib/ui/widgets/shimmer_loading.dart
DA:7,1
DA:9,0
DA:10,0
DA:18,0
DA:20,0
DA:21,0
DA:24,0
DA:25,0
DA:26,0
DA:30,0
DA:32,0
DA:33,0
DA:36,0
DA:38,0
DA:39,0
DA:40,0
DA:41,0
DA:43,0
DA:48,0
DA:52,0
DA:53,0
DA:54,0
DA:55,0
DA:56,0
DA:57,0
DA:59,0
DA:62,0
DA:69,0
DA:73,0
DA:75,0
DA:77,0
DA:81,0
DA:85,0
DA:86,0
DA:87,0
DA:88,0
DA:89,0
DA:90,0
DA:91,0
DA:92,0
DA:93,0
DA:94,0
DA:95,0
DA:98,0
DA:99,0
DA:101,0
DA:108,0
DA:109,0
DA:111,0
DA:112,0
DA:113,0
DA:114,0
DA:115,0
DA:116,0
DA:118,0
DA:119,0
DA:121,0
DA:122,0
DA:124,0
DA:135,0
DA:136,0
DA:139,0
DA:140,0
DA:141,0
DA:142,0
DA:143,0
DA:144,0
DA:147,0
DA:148,0
DA:150,0
LF:70
LH:1
end_of_record
SF:lib/ui/widgets/status_thumbnail_card.dart
DA:20,0
DA:29,0
DA:31,0
DA:32,0
DA:35,0
DA:36,0
DA:37,0
DA:38,0
DA:39,0
DA:41,0
DA:43,0
DA:44,0
DA:45,0
DA:46,0
DA:48,0
DA:49,0
DA:52,0
DA:55,0
DA:58,0
DA:60,0
DA:63,0
DA:66,0
DA:73,0
DA:74,0
DA:75,0
DA:76,0
DA:78,0
DA:79,0
DA:80,0
DA:81,0
DA:84,0
DA:87,0
DA:90,0
DA:91,0
DA:93,0
DA:107,0
DA:108,0
DA:109,0
DA:110,0
DA:111,0
DA:112,0
DA:113,0
DA:114,0
DA:128,0
DA:129,0
DA:130,0
DA:131,0
DA:133,0
DA:134,0
DA:135,0
DA:139,0
DA:142,0
DA:143,0
DA:144,0
DA:145,0
DA:146,0
DA:147,0
DA:149,0
DA:150,0
DA:151,0
DA:157,0
DA:158,0
DA:159,0
DA:160,0
DA:161,0
DA:162,0
DA:171,0
DA:172,0
DA:173,0
DA:175,0
DA:177,0
DA:179,0
DA:181,0
DA:184,0
DA:185,0
DA:205,0
DA:214,0
DA:216,0
DA:217,0
DA:218,0
DA:220,0
DA:221,0
DA:222,0
DA:223,0
DA:224,0
DA:225,0
DA:226,0
DA:227,0
DA:228,0
DA:231,0
DA:235,0
DA:238,0
DA:241,0
DA:244,0
DA:250,0
DA:251,0
DA:254,0
DA:257,0
DA:258,0
DA:260,0
DA:271,0
DA:272,0
DA:277,0
DA:278,0
DA:279,0
DA:281,0
DA:282,0
DA:283,0
DA:287,0
DA:289,0
DA:291,0
DA:293,0
DA:294,0
DA:295,0
DA:296,0
DA:297,0
DA:298,0
DA:300,0
DA:301,0
DA:307,0
DA:308,0
DA:309,0
DA:310,0
DA:311,0
DA:318,0
DA:319,0
DA:320,0
DA:321,0
DA:322,0
DA:323,0
DA:324,0
DA:338,0
DA:339,0
DA:340,0
DA:341,0
DA:343,0
DA:344,0
DA:345,0
DA:352,0
DA:354,0
DA:355,0
DA:356,0
DA:357,0
DA:359,0
DA:360,0
DA:361,0
DA:367,0
DA:368,0
LF:148
LH:0
end_of_record
SF:lib/providers/locale_notifier.dart
DA:11,2
DA:12,0
DA:14,0
DA:16,1
DA:17,1
DA:20,1
DA:22,1
DA:24,0
DA:26,1
DA:27,1
DA:30,1
DA:31,1
DA:32,1
DA:34,0
DA:35,0
DA:36,0
DA:41,0
DA:42,0
DA:43,0
DA:45,0
DA:46,0
DA:50,0
LF:22
LH:10
end_of_record
SF:lib/ui/screens/settings_screen.dart
DA:10,1
DA:12,1
DA:14,1
DA:15,1
DA:16,4
DA:17,1
DA:18,1
DA:19,1
DA:20,3
DA:22,1
DA:24,3
DA:25,1
DA:27,3
DA:28,1
DA:30,3
DA:31,1
DA:33,3
DA:35,0
DA:38,3
DA:39,1
DA:41,3
DA:42,3
DA:44,1
DA:46,3
DA:59,1
DA:61,1
DA:63,3
DA:64,1
DA:65,1
DA:66,1
DA:68,1
DA:72,0
DA:79,1
DA:81,1
DA:83,1
DA:85,1
DA:86,1
DA:87,4
DA:88,3
DA:97,1
DA:99,1
DA:100,1
DA:101,1
DA:102,1
DA:103,2
DA:107,3
DA:108,1
DA:109,2
DA:110,0
DA:111,2
DA:113,2
DA:114,0
DA:120,1
DA:122,1
DA:123,1
DA:124,1
DA:125,1
DA:126,1
DA:130,3
DA:131,1
DA:132,1
DA:133,1
DA:134,0
DA:135,2
DA:137,1
DA:138,0
DA:144,1
DA:146,1
DA:147,1
DA:148,1
DA:149,1
DA:150,1
DA:154,3
DA:155,1
DA:156,1
DA:157,0
DA:158,2
DA:160,1
DA:161,0
LF:79
LH:71
end_of_record
SF:lib/ui/widgets/language_selector.dart
DA:9,1
DA:11,1
DA:13,1
DA:14,1
DA:15,1
DA:16,0
DA:18,0
DA:20,0
DA:21,0
DA:23,0
DA:24,0
DA:27,0
DA:32,0
DA:34,0
DA:42,1
DA:44,3
DA:45,1
DA:46,1
DA:52,0
DA:54,0
LF:20
LH:9
end_of_record
